request uri: / 
request uri: /cooper.jpg 
request uri: /favicon.ico 
request uri: / 
request uri: /cooper.jpg 
request uri: /favicon.ico 
request uri: /boom.html 
request uri: /favicon.ico 
request uri: /favicon.ico 
request uri: /boom.html 
request uri: /favicon.ico 
request uri: /favicon.ico 
request uri: / 
request uri: /cooper.jpg 
request uri: /favicon.ico 
request uri: /boom.html 
request uri: /favicon.ico 
request uri: /favicon.ico 
request uri: /boom.html 
request uri: /favicon.ico 
request uri: /favicon.ico 
request uri: /boom.html 
request uri: /favicon.ico 
request uri: /favicon.ico 
request uri: /boom.html 
request uri: /favicon.ico 
request uri: /favicon.ico 
request uri: /boom.html 
request uri: /favicon.ico 
request uri: /favicon.ico 
request uri: /boom.html 
request uri: /favicon.ico 
request uri: /favicon.ico 
request uri: / 
request uri: /cooper.jpg 
request uri: /favicon.ico 
request uri: / 
request uri: /cooper.jpg 
request uri: /favicon.ico 
request uri: / 
request uri: /cooper.jpg 
request uri: /favicon.ico 
request uri: / 
request uri: /cooper.jpg 
request uri: /favicon.ico 
request uri: /portfolio/index.html 
request uri: /portfolio/stylesheets/style.css 
request uri: /portfolio/src/circles.js 
request uri: /favicon.ico 
request uri: /portfolio/index.html 
request uri: /portfolio/stylesheets/style.css 
request uri: /portfolio/src/circles.js 
request uri: /favicon.ico 
request uri: /portfolio/index.html 
request uri: /portfolio/stylesheets/style.css 
request uri: /portfolio/src/circles.js 
request uri: /favicon.ico 
request uri: /portfolio/index.html 
request uri: /portfolio/src/circles.js 
request uri: /portfolio/stylesheets/style.css 
request uri: /favicon.ico 
